<?xml version="1.0" encoding="UTF-8"?>
<!-- Generated by org.testng.reporters.JUnitXMLReporter -->
<testsuite hostname="192-168-1-3.tpgi.com.au" ignored="0" name="TestSuiteTask6" tests="2" failures="2" timestamp="05 May 2018 12:57:49 GMT" time="151.572" errors="0">
  <testcase name="testAPI" time="150.932" classname="com.twobulls.qatest.assessment.QAP12">
    <failure type="org.apache.http.conn.HttpHostConnectException" message="Connect to od-api-demo.oxforddictionaries.com:443 [od-api-demo.oxforddictionaries.com/34.195.30.240, od-api-demo.oxforddictionaries.com/34.206.96.9] failed: Operation timed out (Connection timed out)">
      <![CDATA[org.apache.http.conn.HttpHostConnectException: Connect to od-api-demo.oxforddictionaries.com:443 [od-api-demo.oxforddictionaries.com/34.195.30.240, od-api-demo.oxforddictionaries.com/34.206.96.9] failed: Operation timed out (Connection timed out)
at org.apache.http.impl.conn.DefaultHttpClientConnectionOperator.connect(DefaultHttpClientConnectionOperator.java:159)
at org.apache.http.impl.conn.PoolingHttpClientConnectionManager.connect(PoolingHttpClientConnectionManager.java:359)
at org.apache.http.impl.execchain.MainClientExec.establishRoute(MainClientExec.java:381)
at org.apache.http.impl.execchain.MainClientExec.execute(MainClientExec.java:237)
at org.apache.http.impl.execchain.ProtocolExec.execute(ProtocolExec.java:185)
at org.apache.http.impl.execchain.RetryExec.execute(RetryExec.java:89)
at org.apache.http.impl.execchain.RedirectExec.execute(RedirectExec.java:111)
at org.apache.http.impl.client.InternalHttpClient.doExecute(InternalHttpClient.java:185)
at org.apache.http.impl.client.CloseableHttpClient.execute(CloseableHttpClient.java:83)
at org.apache.http.impl.client.CloseableHttpClient.execute(CloseableHttpClient.java:108)
at com.twobulls.qatest.assessment.QAP12.testAPI(QAP12.java:28)
Caused by: java.net.ConnectException: Operation timed out (Connection timed out)
at java.net.PlainSocketImpl.socketConnect(Native Method)
at java.net.AbstractPlainSocketImpl.doConnect(AbstractPlainSocketImpl.java:350)
at java.net.AbstractPlainSocketImpl.connectToAddress(AbstractPlainSocketImpl.java:206)
at java.net.AbstractPlainSocketImpl.connect(AbstractPlainSocketImpl.java:188)
at java.net.SocksSocketImpl.connect(SocksSocketImpl.java:392)
at java.net.Socket.connect(Socket.java:589)
at org.apache.http.conn.ssl.SSLConnectionSocketFactory.connectSocket(SSLConnectionSocketFactory.java:339)
at org.apache.http.impl.conn.DefaultHttpClientConnectionOperator.connect(DefaultHttpClientConnectionOperator.java:142)
... 35 more
... Removed 25 stack frames]]>
    </failure>
  </testcase> <!-- testAPI -->
  <testcase name="testGeneratePassword" time="0.013" classname="com.twobulls.qatest.assessment.QAPI1">
    <failure type="java.net.UnknownHostException" message="passwordutility.net: nodename nor servname provided, or not known">
      <![CDATA[java.net.UnknownHostException: passwordutility.net: nodename nor servname provided, or not known
at java.net.Inet6AddressImpl.lookupAllHostAddr(Native Method)
at java.net.InetAddress$2.lookupAllHostAddr(InetAddress.java:928)
at java.net.InetAddress.getAddressesFromNameService(InetAddress.java:1323)
at java.net.InetAddress.getAllByName0(InetAddress.java:1276)
at java.net.InetAddress.getAllByName(InetAddress.java:1192)
at java.net.InetAddress.getAllByName(InetAddress.java:1126)
at org.apache.http.impl.conn.SystemDefaultDnsResolver.resolve(SystemDefaultDnsResolver.java:45)
at org.apache.http.impl.conn.DefaultHttpClientConnectionOperator.connect(DefaultHttpClientConnectionOperator.java:112)
at org.apache.http.impl.conn.PoolingHttpClientConnectionManager.connect(PoolingHttpClientConnectionManager.java:359)
at org.apache.http.impl.execchain.MainClientExec.establishRoute(MainClientExec.java:381)
at org.apache.http.impl.execchain.MainClientExec.execute(MainClientExec.java:237)
at org.apache.http.impl.execchain.ProtocolExec.execute(ProtocolExec.java:185)
at org.apache.http.impl.execchain.RetryExec.execute(RetryExec.java:89)
at org.apache.http.impl.execchain.RedirectExec.execute(RedirectExec.java:111)
at org.apache.http.impl.client.InternalHttpClient.doExecute(InternalHttpClient.java:185)
at org.apache.http.impl.client.CloseableHttpClient.execute(CloseableHttpClient.java:83)
at org.apache.http.impl.client.CloseableHttpClient.execute(CloseableHttpClient.java:108)
at com.twobulls.qatest.assessment.QAPI1.testGeneratePassword(QAPI1.java:35)
... Removed 25 stack frames]]>
    </failure>
  </testcase> <!-- testGeneratePassword -->
</testsuite> <!-- TestSuiteTask6 -->
