<?xml version="1.0" encoding="UTF-8"?>
<!-- Generated by org.testng.reporters.JUnitXMLReporter -->
<testsuite hostname="192-168-1-3.tpgi.com.au" ignored="2" name="TestSuiteTask3" tests="2" failures="1" timestamp="05 May 2018 13:03:21 GMT" time="52.554" errors="0">
  <testcase name="testLogin" time="50.049" classname="com.twobulls.qatest.assessment.QA2"/>
  <testcase name="testQAURL" time="0.003" classname="com.twobulls.qatest.assessment.QA1">
    <failure type="java.lang.NullPointerException">
      <![CDATA[java.lang.NullPointerException
at com.twobulls.qatest.assessment.QA1.testQAURL(QA1.java:18)
... Removed 25 stack frames]]>
    </failure>
  </testcase> <!-- testQAURL -->
  <testcase name="@AfterTest afterTest" time="0.0" classname="com.twobulls.qatest.assessment.BaseTestCase">
    <ignored/>
  </testcase> <!-- @AfterTest afterTest -->
  <testcase name="@BeforeTest beforeTest" time="0.0" classname="com.twobulls.qatest.assessment.BaseTestCase">
    <ignored/>
  </testcase> <!-- @BeforeTest beforeTest -->
</testsuite> <!-- TestSuiteTask3 -->
